Build started 2016/11/27 20:19:45.
     1>Project "F:\Workspaces\TextBookExperiment\AlgorithmFour\AlgorithmFour\AlgorithmFour.vcxproj" on node 2 (build target(s)).
     1>InitializeBuildStatus:
         Creating "Debug\AlgorithmFour.unsuccessfulbuild" because "AlwaysCreate" was specified.
       ClCompile:
         f:\DevTools\Microsoft Visual Studio 10.0\VC\bin\CL.exe /c /ZI /nologo /W3 /WX- /Od /Oy- /D WIN32 /D _DEBUG /D _CONSOLE /D _UNICODE /D UNICODE /Gm /EHsc /RTC1 /MDd /GS /fp:precise /Zc:wchar_t /Zc:forScope /Fo"Debug\\" /Fd"Debug\vc100.pdb" /Gd /TC /analyze- /errorReport:prompt ..\HouseRun.c
         HouseRun.c
     1>f:\workspaces\textbookexperiment\algorithmfour\houserun.c(27): warning C4996: 'scanf': This function or variable may be unsafe. Consider using scanf_s instead. To disable deprecation, use _CRT_SECURE_NO_WARNINGS. See online help for details.
                 f:\devtools\microsoft visual studio 10.0\vc\include\stdio.h(304) : see declaration of 'scanf'
     1>f:\workspaces\textbookexperiment\algorithmfour\houserun.c(28): warning C4996: 'scanf': This function or variable may be unsafe. Consider using scanf_s instead. To disable deprecation, use _CRT_SECURE_NO_WARNINGS. See online help for details.
                 f:\devtools\microsoft visual studio 10.0\vc\include\stdio.h(304) : see declaration of 'scanf'
       ManifestResourceCompile:
         All outputs are up-to-date.
       Link:
         f:\DevTools\Microsoft Visual Studio 10.0\VC\bin\link.exe /ERRORREPORT:PROMPT /OUT:"F:\Workspaces\TextBookExperiment\AlgorithmFour\Debug\AlgorithmFour.exe" /INCREMENTAL /NOLOGO kernel32.lib user32.lib gdi32.lib winspool.lib comdlg32.lib advapi32.lib shell32.lib ole32.lib oleaut32.lib uuid.lib odbc32.lib odbccp32.lib /MANIFEST /ManifestFile:"Debug\AlgorithmFour.exe.intermediate.manifest" /MANIFESTUAC:"level='asInvoker' uiAccess='false'" /DEBUG /PDB:"F:\Workspaces\TextBookExperiment\AlgorithmFour\Debug\AlgorithmFour.pdb" /SUBSYSTEM:CONSOLE /TLBID:1 /DYNAMICBASE /NXCOMPAT /IMPLIB:"F:\Workspaces\TextBookExperiment\AlgorithmFour\Debug\AlgorithmFour.lib" /MACHINE:X86 Debug\AlgorithmFour.exe.embed.manifest.res
         Debug\HouseRun.obj
       Manifest:
         C:\Program Files (x86)\Microsoft SDKs\Windows\v7.0A\bin\mt.exe /nologo /verbose /out:"Debug\AlgorithmFour.exe.embed.manifest" /manifest Debug\AlgorithmFour.exe.intermediate.manifest
         All outputs are up-to-date.
       LinkEmbedManifest:
         All outputs are up-to-date.
         AlgorithmFour.vcxproj -> F:\Workspaces\TextBookExperiment\AlgorithmFour\Debug\AlgorithmFour.exe
       FinalizeBuildStatus:
         Deleting file "Debug\AlgorithmFour.unsuccessfulbuild".
         Touching "Debug\AlgorithmFour.lastbuildstate".
     1>Done Building Project "F:\Workspaces\TextBookExperiment\AlgorithmFour\AlgorithmFour\AlgorithmFour.vcxproj" (build target(s)).

Build succeeded.

Time Elapsed 00:00:00.66
